<?xml version="1.0" encoding="UTF-8"?>
<testng-results ignored="0" total="2" passed="2" failed="0" skipped="0">
  <reporter-output>
  </reporter-output>
  <suite started-at="2021-12-04T20:41:05 IST" name="Suite" finished-at="2021-12-04T20:41:20 IST" duration-ms="14484">
    <groups>
    </groups>
    <test started-at="2021-12-04T20:41:05 IST" name="Test" finished-at="2021-12-04T20:41:20 IST" duration-ms="14484">
      <class name="my_package.My_TestNG">
        <test-method is-config="true" signature="test1()[pri:0, instance:my_package.My_TestNG@57af006c]" started-at="2021-12-04T20:40:52 IST" name="test1" finished-at="2021-12-04T20:41:05 IST" duration-ms="13309" status="PASS">
          <reporter-output>
          </reporter-output>
        </test-method> <!-- test1 -->
        <test-method is-config="true" signature="test6()[pri:0, instance:my_package.My_TestNG@57af006c]" started-at="2021-12-04T20:41:05 IST" name="test6" finished-at="2021-12-04T20:41:06 IST" duration-ms="303" status="PASS">
          <reporter-output>
          </reporter-output>
        </test-method> <!-- test6 -->
        <test-method signature="test3()[pri:1, instance:my_package.My_TestNG@57af006c]" started-at="2021-12-04T20:41:06 IST" name="test3" description="This is Bing page" finished-at="2021-12-04T20:41:08 IST" duration-ms="2200" status="PASS">
          <reporter-output>
          </reporter-output>
        </test-method> <!-- test3 -->
        <test-method is-config="true" signature="test5()[pri:0, instance:my_package.My_TestNG@57af006c]" started-at="2021-12-04T20:41:08 IST" name="test5" finished-at="2021-12-04T20:41:08 IST" duration-ms="18" status="PASS">
          <reporter-output>
          </reporter-output>
        </test-method> <!-- test5 -->
        <test-method is-config="true" signature="test6()[pri:0, instance:my_package.My_TestNG@57af006c]" started-at="2021-12-04T20:41:08 IST" name="test6" finished-at="2021-12-04T20:41:08 IST" duration-ms="62" status="PASS">
          <reporter-output>
          </reporter-output>
        </test-method> <!-- test6 -->
        <test-method signature="test2()[pri:2, instance:my_package.My_TestNG@57af006c]" started-at="2021-12-04T20:41:08 IST" name="test2" description="This is Google page" finished-at="2021-12-04T20:41:20 IST" duration-ms="11843" status="PASS">
          <reporter-output>
          </reporter-output>
        </test-method> <!-- test2 -->
        <test-method is-config="true" signature="test5()[pri:0, instance:my_package.My_TestNG@57af006c]" started-at="2021-12-04T20:41:20 IST" name="test5" finished-at="2021-12-04T20:41:20 IST" duration-ms="10" status="PASS">
          <reporter-output>
          </reporter-output>
        </test-method> <!-- test5 -->
        <test-method is-config="true" signature="test4()[pri:0, instance:my_package.My_TestNG@57af006c]" started-at="2021-12-04T20:41:20 IST" name="test4" finished-at="2021-12-04T20:41:21 IST" duration-ms="814" status="PASS">
          <reporter-output>
          </reporter-output>
        </test-method> <!-- test4 -->
      </class> <!-- my_package.My_TestNG -->
    </test> <!-- Test -->
  </suite> <!-- Suite -->
</testng-results>
